127.0.0.1 - - [15/Apr/2026 21:50:39] "GET /index.html HTTP/1.1" 200 -
----------------------------------------
Exception occurred during processing of request from ('127.0.0.1', 40970)
Traceback (most recent call last):
  File "/home/jules/.pyenv/versions/3.12.13/lib/python3.12/socketserver.py", line 697, in process_request_thread
    self.finish_request(request, client_address)
  File "/home/jules/.pyenv/versions/3.12.13/lib/python3.12/http/server.py", line 1326, in finish_request
    self.RequestHandlerClass(request, client_address, self,
  File "/home/jules/.pyenv/versions/3.12.13/lib/python3.12/http/server.py", line 676, in __init__
    super().__init__(*args, **kwargs)
  File "/home/jules/.pyenv/versions/3.12.13/lib/python3.12/socketserver.py", line 766, in __init__
    self.handle()
  File "/home/jules/.pyenv/versions/3.12.13/lib/python3.12/http/server.py", line 440, in handle
    self.handle_one_request()
  File "/home/jules/.pyenv/versions/3.12.13/lib/python3.12/http/server.py", line 428, in handle_one_request
    method()
  File "/home/jules/.pyenv/versions/3.12.13/lib/python3.12/http/server.py", line 683, in do_GET
    self.copyfile(f, self.wfile)
  File "/home/jules/.pyenv/versions/3.12.13/lib/python3.12/http/server.py", line 882, in copyfile
    shutil.copyfileobj(source, outputfile)
  File "/home/jules/.pyenv/versions/3.12.13/lib/python3.12/shutil.py", line 204, in copyfileobj
    fdst_write(buf)
  File "/home/jules/.pyenv/versions/3.12.13/lib/python3.12/socketserver.py", line 845, in write
    self._sock.sendall(b)
ConnectionResetError: [Errno 104] Connection reset by peer
----------------------------------------
